This file contains any messages produced by compilers while
running configure, to aid debugging if configure makes a mistake.

It was created by libsecp256k1 configure 0.1, which was
generated by GNU Autoconf 2.69.  Invocation command line was

  $ ./configure --disable-option-checking --prefix=/ --disable-tests --disable-bench --disable-shared --with-pic --enable-benchmark=no --with-bignum=no --enable-module-recovery --enable-module-schnorrsig --enable-experimental --cache-file=/dev/null --srcdir=.

## --------- ##
## Platform. ##
## --------- ##

hostname = xbitDev
uname -m = x86_64
uname -r = 5.4.106-1-pve
uname -s = Linux
uname -v = #1 SMP PVE 5.4.106-1 (Fri, 19 Mar 2021 11:08:47 +0100)

/usr/bin/uname -p = unknown
/bin/uname -X     = unknown

/bin/arch              = unknown
/usr/bin/arch -k       = unknown
/usr/convex/getsysinfo = unknown
/usr/bin/hostinfo      = unknown
/bin/machine           = unknown
/usr/bin/oslevel       = unknown
/bin/universe          = unknown

PATH: /home/ARM/xbitcoin/depends/aarch64-linux-gnu/share/../native/bin
PATH: /usr/local/sbin
PATH: /usr/local/bin
PATH: /usr/sbin
PATH: /usr/bin
PATH: /sbin
PATH: /bin
PATH: /usr/games
PATH: /usr/local/games


## ----------- ##
## Core tests. ##
## ----------- ##

configure:2252: loading site script /home/ARM/xbitcoin/depends/aarch64-linux-gnu/share/config.site
| depends_prefix="`dirname ${ac_site_file}`/.."
| 
| cross_compiling=maybe
| host_alias=aarch64-linux-gnu
| ac_tool_prefix=${host_alias}-
| 
| if test -z $with_boost; then
|   with_boost=$depends_prefix
| fi
| if test -z $with_qt_plugindir; then
|   with_qt_plugindir=$depends_prefix/plugins
| fi
| if test -z $with_qt_translationdir; then
|   with_qt_translationdir=$depends_prefix/translations
| fi
| if test -z $with_qt_bindir && test -z ""; then
|   with_qt_bindir=$depends_prefix/native/bin
| fi
| if test -z $with_mpgen && test -n ""; then
|   with_mpgen=$depends_prefix/native
| fi
| 
| if test -z $with_qrencode && test -n ""; then
|   with_qrencode=no
| fi
| 
| if test -z $enable_wallet && test -n ""; then
|   enable_wallet=no
| fi
| 
| if test -z $enable_multiprocess && test -n ""; then
|   enable_multiprocess=yes
| fi
| 
| if test -z $with_miniupnpc && test -n ""; then
|   with_miniupnpc=no
| fi
| 
| if test -z $with_gui && test -n ""; then
|   with_gui=no
| fi
| 
| if test -z $enable_zmq && test -n ""; then
|   enable_zmq=no
| fi
| 
| if test xlinux = xdarwin; then
|   BREW=no
|   PORT=no
| fi
| 
| PATH=$depends_prefix/native/bin:$PATH
| PKG_CONFIG="`which pkg-config` --static"
| 
| # These two need to remain exported because pkg-config does not see them
| # otherwise. That means they must be unexported at the end of configure.ac to
| # avoid ruining the cache. Sigh.
| export PKG_CONFIG_PATH=$depends_prefix/share/pkgconfig:$depends_prefix/lib/pkgconfig
| if test -z ""; then
|   export PKG_CONFIG_LIBDIR=$depends_prefix/lib/pkgconfig
| fi
| 
| CPPFLAGS="-I$depends_prefix/include/ $CPPFLAGS"
| LDFLAGS="-L$depends_prefix/lib $LDFLAGS"
| 
| if test -n "aarch64-linux-gnu-gcc" -a -z "${CC}"; then
|   CC="aarch64-linux-gnu-gcc"
| fi
| if test -n "aarch64-linux-gnu-g++" -a -z "${CXX}"; then
|   CXX="aarch64-linux-gnu-g++"
| fi
| PYTHONPATH=$depends_prefix/native/lib/python3/dist-packages:$PYTHONPATH
| 
| if test -n "aarch64-linux-gnu-ar"; then
|   AR=aarch64-linux-gnu-ar
|   ac_cv_path_ac_pt_AR=${AR}
| fi
| 
| if test -n "aarch64-linux-gnu-ranlib"; then
|   RANLIB=aarch64-linux-gnu-ranlib
|   ac_cv_path_ac_pt_RANLIB=${RANLIB}
| fi
| 
| if test -n "aarch64-linux-gnu-nm"; then
|   NM=aarch64-linux-gnu-nm
|   ac_cv_path_ac_pt_NM=${NM}
| fi
| 
| if test -n ""; then
|   enable_reduce_exports=no
| fi
| 
| if test -n "-pipe -O2"; then
|   CFLAGS="-pipe -O2 $CFLAGS"
| fi
| if test -n "-pipe -O2"; then
|   CXXFLAGS="-pipe -O2 $CXXFLAGS"
| fi
| if test -n ""; then
|   CPPFLAGS=" $CPPFLAGS"
| fi
| if test -n ""; then
|   LDFLAGS=" $LDFLAGS"
| fi
configure:2382: checking build system type
configure:2396: result: x86_64-pc-linux-gnu
configure:2416: checking host system type
configure:2429: result: aarch64-unknown-linux-gnu
configure:2468: checking for a BSD-compatible install
configure:2536: result: /usr/bin/install -c
configure:2547: checking whether build environment is sane
configure:2602: result: yes
configure:2661: checking for aarch64-linux-gnu-strip
configure:2677: found /usr/bin/aarch64-linux-gnu-strip
configure:2688: result: aarch64-linux-gnu-strip
configure:2753: checking for a thread-safe mkdir -p
configure:2792: result: /bin/mkdir -p
configure:2799: checking for gawk
configure:2829: result: no
configure:2799: checking for mawk
configure:2815: found /usr/bin/mawk
configure:2826: result: mawk
configure:2837: checking whether make sets $(MAKE)
configure:2859: result: yes
configure:2888: checking whether make supports nested variables
configure:2905: result: yes
configure:3082: checking how to print strings
configure:3109: result: printf
configure:3142: checking for style of include used by make
configure:3170: result: GNU
configure:3201: checking for aarch64-linux-gnu-gcc
configure:3228: result: aarch64-linux-gnu-gcc
configure:3497: checking for C compiler version
configure:3506: aarch64-linux-gnu-gcc --version >&5
aarch64-linux-gnu-gcc (Ubuntu/Linaro 7.5.0-3ubuntu1~18.04) 7.5.0
Copyright (C) 2017 Free Software Foundation, Inc.
This is free software; see the source for copying conditions.  There is NO
warranty; not even for MERCHANTABILITY or FITNESS FOR A PARTICULAR PURPOSE.

configure:3517: $? = 0
configure:3506: aarch64-linux-gnu-gcc -v >&5
Using built-in specs.
COLLECT_GCC=aarch64-linux-gnu-gcc
COLLECT_LTO_WRAPPER=/usr/lib/gcc-cross/aarch64-linux-gnu/7/lto-wrapper
Target: aarch64-linux-gnu
Configured with: ../src/configure -v --with-pkgversion='Ubuntu/Linaro 7.5.0-3ubuntu1~18.04' --with-bugurl=file:///usr/share/doc/gcc-7/README.Bugs --enable-languages=c,ada,c++,go,d,fortran,objc,obj-c++ --prefix=/usr --with-gcc-major-version-only --program-suffix=-7 --enable-shared --enable-linker-build-id --libexecdir=/usr/lib --without-included-gettext --enable-threads=posix --libdir=/usr/lib --enable-nls --with-sysroot=/ --enable-clocale=gnu --enable-libstdcxx-debug --enable-libstdcxx-time=yes --with-default-libstdcxx-abi=new --enable-gnu-unique-object --disable-libquadmath --disable-libquadmath-support --enable-plugin --enable-default-pie --with-system-zlib --enable-multiarch --enable-fix-cortex-a53-843419 --disable-werror --enable-checking=release --build=x86_64-linux-gnu --host=x86_64-linux-gnu --target=aarch64-linux-gnu --program-prefix=aarch64-linux-gnu- --includedir=/usr/aarch64-linux-gnu/include
Thread model: posix
gcc version 7.5.0 (Ubuntu/Linaro 7.5.0-3ubuntu1~18.04) 
configure:3517: $? = 0
configure:3506: aarch64-linux-gnu-gcc -V >&5
aarch64-linux-gnu-gcc: error: unrecognized command line option '-V'
aarch64-linux-gnu-gcc: fatal error: no input files
compilation terminated.
configure:3517: $? = 1
configure:3506: aarch64-linux-gnu-gcc -qversion >&5
aarch64-linux-gnu-gcc: error: unrecognized command line option '-qversion'; did you mean '--version'?
aarch64-linux-gnu-gcc: fatal error: no input files
compilation terminated.
configure:3517: $? = 1
configure:3537: checking whether the C compiler works
configure:3559: aarch64-linux-gnu-gcc -pipe -O2  -I/home/ARM/xbitcoin/depends/aarch64-linux-gnu/share/../include/  -L/home/ARM/xbitcoin/depends/aarch64-linux-gnu/share/../lib  conftest.c  >&5
configure:3563: $? = 0
configure:3611: result: yes
configure:3614: checking for C compiler default output file name
configure:3616: result: a.out
configure:3622: checking for suffix of executables
configure:3629: aarch64-linux-gnu-gcc -o conftest -pipe -O2  -I/home/ARM/xbitcoin/depends/aarch64-linux-gnu/share/../include/  -L/home/ARM/xbitcoin/depends/aarch64-linux-gnu/share/../lib  conftest.c  >&5
configure:3633: $? = 0
configure:3655: result: 
configure:3677: checking whether we are cross compiling
configure:3685: aarch64-linux-gnu-gcc -o conftest -pipe -O2  -I/home/ARM/xbitcoin/depends/aarch64-linux-gnu/share/../include/  -L/home/ARM/xbitcoin/depends/aarch64-linux-gnu/share/../lib  conftest.c  >&5
configure:3689: $? = 0
configure:3696: ./conftest
./configure: line 3698: ./conftest: cannot execute binary file: Exec format error
configure:3700: $? = 126
configure:3715: result: yes
configure:3720: checking for suffix of object files
configure:3742: aarch64-linux-gnu-gcc -c -pipe -O2  -I/home/ARM/xbitcoin/depends/aarch64-linux-gnu/share/../include/  conftest.c >&5
configure:3746: $? = 0
configure:3767: result: o
configure:3771: checking whether we are using the GNU C compiler
configure:3790: aarch64-linux-gnu-gcc -c -pipe -O2  -I/home/ARM/xbitcoin/depends/aarch64-linux-gnu/share/../include/  conftest.c >&5
configure:3790: $? = 0
configure:3799: result: yes
configure:3808: checking whether aarch64-linux-gnu-gcc accepts -g
configure:3828: aarch64-linux-gnu-gcc -c -g -I/home/ARM/xbitcoin/depends/aarch64-linux-gnu/share/../include/  conftest.c >&5
configure:3828: $? = 0
configure:3869: result: yes
configure:3886: checking for aarch64-linux-gnu-gcc option to accept ISO C89
configure:3949: aarch64-linux-gnu-gcc  -c -pipe -O2  -I/home/ARM/xbitcoin/depends/aarch64-linux-gnu/share/../include/  conftest.c >&5
configure:3949: $? = 0
configure:3962: result: none needed
configure:3987: checking whether aarch64-linux-gnu-gcc understands -c and -o together
configure:4009: aarch64-linux-gnu-gcc -c conftest.c -o conftest2.o
configure:4012: $? = 0
configure:4009: aarch64-linux-gnu-gcc -c conftest.c -o conftest2.o
configure:4012: $? = 0
configure:4024: result: yes
configure:4043: checking dependency style of aarch64-linux-gnu-gcc
configure:4154: result: gcc3
configure:4169: checking for a sed that does not truncate output
configure:4233: result: /bin/sed
configure:4251: checking for grep that handles long lines and -e
configure:4309: result: /bin/grep
configure:4314: checking for egrep
configure:4376: result: /bin/grep -E
configure:4381: checking for fgrep
configure:4443: result: /bin/grep -F
configure:4478: checking for ld used by aarch64-linux-gnu-gcc
configure:4545: result: /usr/aarch64-linux-gnu/bin/ld
configure:4552: checking if the linker (/usr/aarch64-linux-gnu/bin/ld) is GNU ld
configure:4567: result: yes
configure:4579: checking for BSD- or MS-compatible name lister (nm)
configure:4633: result: aarch64-linux-gnu-nm
configure:4763: checking the name lister (aarch64-linux-gnu-nm) interface
configure:4770: aarch64-linux-gnu-gcc -c -pipe -O2  -I/home/ARM/xbitcoin/depends/aarch64-linux-gnu/share/../include/  conftest.c >&5
configure:4773: aarch64-linux-gnu-nm "conftest.o"
configure:4776: output
0000000000000000 B some_variable
configure:4783: result: BSD nm
configure:4786: checking whether ln -s works
configure:4790: result: yes
configure:4798: checking the maximum length of command line arguments
configure:4929: result: 1572864
configure:4977: checking how to convert x86_64-pc-linux-gnu file names to aarch64-unknown-linux-gnu format
configure:5017: result: func_convert_file_noop
configure:5024: checking how to convert x86_64-pc-linux-gnu file names to toolchain format
configure:5044: result: func_convert_file_noop
configure:5051: checking for /usr/aarch64-linux-gnu/bin/ld option to reload object files
configure:5058: result: -r
configure:5092: checking for aarch64-linux-gnu-objdump
configure:5108: found /usr/bin/aarch64-linux-gnu-objdump
configure:5119: result: aarch64-linux-gnu-objdump
configure:5191: checking how to recognize dependent libraries
configure:5391: result: pass_all
configure:5436: checking for aarch64-linux-gnu-dlltool
configure:5466: result: no
configure:5476: checking for dlltool
configure:5506: result: no
configure:5536: checking how to associate runtime and link libraries
configure:5563: result: printf %s\n
configure:5580: checking for aarch64-linux-gnu-ar
configure:5607: result: aarch64-linux-gnu-ar
configure:5688: checking for archiver @FILE support
configure:5705: aarch64-linux-gnu-gcc -c -pipe -O2  -I/home/ARM/xbitcoin/depends/aarch64-linux-gnu/share/../include/  conftest.c >&5
configure:5705: $? = 0
configure:5708: aarch64-linux-gnu-ar cru libconftest.a @conftest.lst >&5
aarch64-linux-gnu-ar: `u' modifier ignored since `D' is the default (see `U')
configure:5711: $? = 0
configure:5716: aarch64-linux-gnu-ar cru libconftest.a @conftest.lst >&5
aarch64-linux-gnu-ar: `u' modifier ignored since `D' is the default (see `U')
aarch64-linux-gnu-ar: conftest.o: No such file or directory
configure:5719: $? = 1
configure:5731: result: @
configure:5749: checking for aarch64-linux-gnu-strip
configure:5776: result: aarch64-linux-gnu-strip
configure:5848: checking for aarch64-linux-gnu-ranlib
configure:5875: result: aarch64-linux-gnu-ranlib
configure:6017: checking command to parse aarch64-linux-gnu-nm output from aarch64-linux-gnu-gcc object
configure:6170: aarch64-linux-gnu-gcc -c -pipe -O2  -I/home/ARM/xbitcoin/depends/aarch64-linux-gnu/share/../include/  conftest.c >&5
configure:6173: $? = 0
configure:6177: aarch64-linux-gnu-nm conftest.o \| sed -n -e 's/^.*[ ]\([ABCDGIRSTW][ABCDGIRSTW]*\)[ ][ ]*\([_A-Za-z][_A-Za-z0-9]*\)$/\1 \2 \2/p' | sed '/ __gnu_lto/d' \> conftest.nm
configure:6180: $? = 0
configure:6246: aarch64-linux-gnu-gcc -o conftest -pipe -O2  -I/home/ARM/xbitcoin/depends/aarch64-linux-gnu/share/../include/  -L/home/ARM/xbitcoin/depends/aarch64-linux-gnu/share/../lib  conftest.c conftstm.o >&5
configure:6249: $? = 0
configure:6287: result: ok
configure:6334: checking for sysroot
configure:6364: result: no
configure:6371: checking for a working dd
configure:6409: result: /bin/dd
configure:6413: checking how to truncate binary pipes
configure:6428: result: /bin/dd bs=4096 count=1
configure:6717: checking for aarch64-linux-gnu-mt
configure:6747: result: no
configure:6757: checking for mt
configure:6773: found /bin/mt
configure:6784: result: mt
configure:6796: WARNING: using cross tools not prefixed with host triplet
configure:6807: checking if mt is a manifest tool
configure:6813: mt '-?'
configure:6821: result: no
configure:7498: checking how to run the C preprocessor
configure:7529: aarch64-linux-gnu-gcc -E -I/home/ARM/xbitcoin/depends/aarch64-linux-gnu/share/../include/  conftest.c
configure:7529: $? = 0
configure:7543: aarch64-linux-gnu-gcc -E -I/home/ARM/xbitcoin/depends/aarch64-linux-gnu/share/../include/  conftest.c
conftest.c:11:10: fatal error: ac_nonexistent.h: No such file or directory
 #include <ac_nonexistent.h>
          ^~~~~~~~~~~~~~~~~~
compilation terminated.
configure:7543: $? = 1
configure: failed program was:
| /* confdefs.h */
| #define PACKAGE_NAME "libsecp256k1"
| #define PACKAGE_TARNAME "libsecp256k1"
| #define PACKAGE_VERSION "0.1"
| #define PACKAGE_STRING "libsecp256k1 0.1"
| #define PACKAGE_BUGREPORT ""
| #define PACKAGE_URL ""
| #define PACKAGE "libsecp256k1"
| #define VERSION "0.1"
| /* end confdefs.h.  */
| #include <ac_nonexistent.h>
configure:7568: result: aarch64-linux-gnu-gcc -E
configure:7588: aarch64-linux-gnu-gcc -E -I/home/ARM/xbitcoin/depends/aarch64-linux-gnu/share/../include/  conftest.c
configure:7588: $? = 0
configure:7602: aarch64-linux-gnu-gcc -E -I/home/ARM/xbitcoin/depends/aarch64-linux-gnu/share/../include/  conftest.c
conftest.c:11:10: fatal error: ac_nonexistent.h: No such file or directory
 #include <ac_nonexistent.h>
          ^~~~~~~~~~~~~~~~~~
compilation terminated.
configure:7602: $? = 1
configure: failed program was:
| /* confdefs.h */
| #define PACKAGE_NAME "libsecp256k1"
| #define PACKAGE_TARNAME "libsecp256k1"
| #define PACKAGE_VERSION "0.1"
| #define PACKAGE_STRING "libsecp256k1 0.1"
| #define PACKAGE_BUGREPORT ""
| #define PACKAGE_URL ""
| #define PACKAGE "libsecp256k1"
| #define VERSION "0.1"
| /* end confdefs.h.  */
| #include <ac_nonexistent.h>
configure:7631: checking for ANSI C header files
configure:7651: aarch64-linux-gnu-gcc -c -pipe -O2  -I/home/ARM/xbitcoin/depends/aarch64-linux-gnu/share/../include/  conftest.c >&5
configure:7651: $? = 0
configure:7735: result: yes
configure:7748: checking for sys/types.h
configure:7748: aarch64-linux-gnu-gcc -c -pipe -O2  -I/home/ARM/xbitcoin/depends/aarch64-linux-gnu/share/../include/  conftest.c >&5
configure:7748: $? = 0
configure:7748: result: yes
configure:7748: checking for sys/stat.h
configure:7748: aarch64-linux-gnu-gcc -c -pipe -O2  -I/home/ARM/xbitcoin/depends/aarch64-linux-gnu/share/../include/  conftest.c >&5
configure:7748: $? = 0
configure:7748: result: yes
configure:7748: checking for stdlib.h
configure:7748: aarch64-linux-gnu-gcc -c -pipe -O2  -I/home/ARM/xbitcoin/depends/aarch64-linux-gnu/share/../include/  conftest.c >&5
configure:7748: $? = 0
configure:7748: result: yes
configure:7748: checking for string.h
configure:7748: aarch64-linux-gnu-gcc -c -pipe -O2  -I/home/ARM/xbitcoin/depends/aarch64-linux-gnu/share/../include/  conftest.c >&5
configure:7748: $? = 0
configure:7748: result: yes
configure:7748: checking for memory.h
configure:7748: aarch64-linux-gnu-gcc -c -pipe -O2  -I/home/ARM/xbitcoin/depends/aarch64-linux-gnu/share/../include/  conftest.c >&5
configure:7748: $? = 0
configure:7748: result: yes
configure:7748: checking for strings.h
configure:7748: aarch64-linux-gnu-gcc -c -pipe -O2  -I/home/ARM/xbitcoin/depends/aarch64-linux-gnu/share/../include/  conftest.c >&5
configure:7748: $? = 0
configure:7748: result: yes
configure:7748: checking for inttypes.h
configure:7748: aarch64-linux-gnu-gcc -c -pipe -O2  -I/home/ARM/xbitcoin/depends/aarch64-linux-gnu/share/../include/  conftest.c >&5
configure:7748: $? = 0
configure:7748: result: yes
configure:7748: checking for stdint.h
configure:7748: aarch64-linux-gnu-gcc -c -pipe -O2  -I/home/ARM/xbitcoin/depends/aarch64-linux-gnu/share/../include/  conftest.c >&5
configure:7748: $? = 0
configure:7748: result: yes
configure:7748: checking for unistd.h
configure:7748: aarch64-linux-gnu-gcc -c -pipe -O2  -I/home/ARM/xbitcoin/depends/aarch64-linux-gnu/share/../include/  conftest.c >&5
configure:7748: $? = 0
configure:7748: result: yes
configure:7762: checking for dlfcn.h
configure:7762: aarch64-linux-gnu-gcc -c -pipe -O2  -I/home/ARM/xbitcoin/depends/aarch64-linux-gnu/share/../include/  conftest.c >&5
configure:7762: $? = 0
configure:7762: result: yes
configure:8018: checking for objdir
configure:8033: result: .libs
configure:8297: checking if aarch64-linux-gnu-gcc supports -fno-rtti -fno-exceptions
configure:8315: aarch64-linux-gnu-gcc -c -pipe -O2  -I/home/ARM/xbitcoin/depends/aarch64-linux-gnu/share/../include/  -fno-rtti -fno-exceptions conftest.c >&5
cc1: warning: command line option '-fno-rtti' is valid for C++/ObjC++ but not for C
configure:8319: $? = 0
configure:8332: result: no
configure:8690: checking for aarch64-linux-gnu-gcc option to produce PIC
configure:8697: result: -fPIC -DPIC
configure:8705: checking if aarch64-linux-gnu-gcc PIC flag -fPIC -DPIC works
configure:8723: aarch64-linux-gnu-gcc -c -pipe -O2  -I/home/ARM/xbitcoin/depends/aarch64-linux-gnu/share/../include/  -fPIC -DPIC -DPIC conftest.c >&5
configure:8727: $? = 0
configure:8740: result: yes
configure:8769: checking if aarch64-linux-gnu-gcc static flag -static works
configure:8797: result: yes
configure:8812: checking if aarch64-linux-gnu-gcc supports -c -o file.o
configure:8833: aarch64-linux-gnu-gcc -c -pipe -O2  -I/home/ARM/xbitcoin/depends/aarch64-linux-gnu/share/../include/  -o out/conftest2.o conftest.c >&5
configure:8837: $? = 0
configure:8859: result: yes
configure:8867: checking if aarch64-linux-gnu-gcc supports -c -o file.o
configure:8914: result: yes
configure:8947: checking whether the aarch64-linux-gnu-gcc linker (/usr/aarch64-linux-gnu/bin/ld) supports shared libraries
configure:10210: result: yes
configure:10450: checking dynamic linker characteristics
configure:11031: aarch64-linux-gnu-gcc -o conftest -pipe -O2  -I/home/ARM/xbitcoin/depends/aarch64-linux-gnu/share/../include/  -L/home/ARM/xbitcoin/depends/aarch64-linux-gnu/share/../lib  -Wl,-rpath -Wl,/foo conftest.c  >&5
configure:11031: $? = 0
configure:11280: result: GNU/Linux ld.so
configure:11402: checking how to hardcode library paths into programs
configure:11427: result: immediate
configure:11975: checking whether stripping libraries is possible
configure:11980: result: yes
configure:12015: checking if libtool supports shared libraries
configure:12017: result: yes
configure:12020: checking whether to build shared libraries
configure:12045: result: no
configure:12048: checking whether to build static libraries
configure:12052: result: yes
configure:12101: checking whether make supports nested variables
configure:12118: result: yes
configure:12141: checking for aarch64-linux-gnu-pkg-config
configure:12171: result: /usr/bin/pkg-config --static
configure:12239: checking pkg-config is at least version 0.9.0
configure:12242: result: yes
configure:12254: checking for aarch64-linux-gnu-ar
configure:12272: found /usr/bin/aarch64-linux-gnu-ar
configure:12284: result: /usr/bin/aarch64-linux-gnu-ar
configure:12352: checking for aarch64-linux-gnu-ranlib
configure:12370: found /usr/bin/aarch64-linux-gnu-ranlib
configure:12382: result: /usr/bin/aarch64-linux-gnu-ranlib
configure:12450: checking for aarch64-linux-gnu-strip
configure:12468: found /usr/bin/aarch64-linux-gnu-strip
configure:12480: result: /usr/bin/aarch64-linux-gnu-strip
configure:12601: checking for gcc
configure:12617: found /usr/bin/gcc
configure:12628: result: gcc
configure:12857: checking for C compiler version
configure:12866: gcc --version >&5
gcc (Ubuntu 7.5.0-3ubuntu1~18.04) 7.5.0
Copyright (C) 2017 Free Software Foundation, Inc.
This is free software; see the source for copying conditions.  There is NO
warranty; not even for MERCHANTABILITY or FITNESS FOR A PARTICULAR PURPOSE.

configure:12877: $? = 0
configure:12866: gcc -v >&5
Using built-in specs.
COLLECT_GCC=gcc
COLLECT_LTO_WRAPPER=/usr/lib/gcc/x86_64-linux-gnu/7/lto-wrapper
OFFLOAD_TARGET_NAMES=nvptx-none
OFFLOAD_TARGET_DEFAULT=1
Target: x86_64-linux-gnu
Configured with: ../src/configure -v --with-pkgversion='Ubuntu 7.5.0-3ubuntu1~18.04' --with-bugurl=file:///usr/share/doc/gcc-7/README.Bugs --enable-languages=c,ada,c++,go,brig,d,fortran,objc,obj-c++ --prefix=/usr --with-gcc-major-version-only --program-suffix=-7 --program-prefix=x86_64-linux-gnu- --enable-shared --enable-linker-build-id --libexecdir=/usr/lib --without-included-gettext --enable-threads=posix --libdir=/usr/lib --enable-nls --enable-bootstrap --enable-clocale=gnu --enable-libstdcxx-debug --enable-libstdcxx-time=yes --with-default-libstdcxx-abi=new --enable-gnu-unique-object --disable-vtable-verify --enable-libmpx --enable-plugin --enable-default-pie --with-system-zlib --with-target-system-zlib --enable-objc-gc=auto --enable-multiarch --disable-werror --with-arch-32=i686 --with-abi=m64 --with-multilib-list=m32,m64,mx32 --enable-multilib --with-tune=generic --enable-offload-targets=nvptx-none --without-cuda-driver --enable-checking=release --build=x86_64-linux-gnu --host=x86_64-linux-gnu --target=x86_64-linux-gnu
Thread model: posix
gcc version 7.5.0 (Ubuntu 7.5.0-3ubuntu1~18.04) 
configure:12877: $? = 0
configure:12866: gcc -V >&5
gcc: error: unrecognized command line option '-V'
gcc: fatal error: no input files
compilation terminated.
configure:12877: $? = 1
configure:12866: gcc -qversion >&5
gcc: error: unrecognized command line option '-qversion'; did you mean '--version'?
gcc: fatal error: no input files
compilation terminated.
configure:12877: $? = 1
configure:12881: checking whether we are using the GNU C compiler
configure:12909: result: yes
configure:12918: checking whether gcc accepts -g
configure:12938: aarch64-linux-gnu-gcc -c -pipe -O2  -I/home/ARM/xbitcoin/depends/aarch64-linux-gnu/share/../include/  conftest.c >&5
configure:12938: $? = 0
configure:12979: result: yes
configure:12996: checking for gcc option to accept ISO C89
configure:13072: result: none needed
configure:13097: checking whether gcc understands -c and -o together
configure:13134: result: yes
configure:13153: checking dependency style of gcc
configure:13264: result: gcc3
configure:13284: checking how to run the C preprocessor
configure:13315: aarch64-linux-gnu-gcc -E -I/home/ARM/xbitcoin/depends/aarch64-linux-gnu/share/../include/  conftest.c
configure:13315: $? = 0
configure:13329: aarch64-linux-gnu-gcc -E -I/home/ARM/xbitcoin/depends/aarch64-linux-gnu/share/../include/  conftest.c
conftest.c:23:10: fatal error: ac_nonexistent.h: No such file or directory
 #include <ac_nonexistent.h>
          ^~~~~~~~~~~~~~~~~~
compilation terminated.
configure:13329: $? = 1
configure: failed program was:
| /* confdefs.h */
| #define PACKAGE_NAME "libsecp256k1"
| #define PACKAGE_TARNAME "libsecp256k1"
| #define PACKAGE_VERSION "0.1"
| #define PACKAGE_STRING "libsecp256k1 0.1"
| #define PACKAGE_BUGREPORT ""
| #define PACKAGE_URL ""
| #define PACKAGE "libsecp256k1"
| #define VERSION "0.1"
| #define STDC_HEADERS 1
| #define HAVE_SYS_TYPES_H 1
| #define HAVE_SYS_STAT_H 1
| #define HAVE_STDLIB_H 1
| #define HAVE_STRING_H 1
| #define HAVE_MEMORY_H 1
| #define HAVE_STRINGS_H 1
| #define HAVE_INTTYPES_H 1
| #define HAVE_STDINT_H 1
| #define HAVE_UNISTD_H 1
| #define HAVE_DLFCN_H 1
| #define LT_OBJDIR ".libs/"
| /* end confdefs.h.  */
| #include <ac_nonexistent.h>
configure:13354: result: gcc -E
configure:13374: aarch64-linux-gnu-gcc -E -I/home/ARM/xbitcoin/depends/aarch64-linux-gnu/share/../include/  conftest.c
configure:13374: $? = 0
configure:13388: aarch64-linux-gnu-gcc -E -I/home/ARM/xbitcoin/depends/aarch64-linux-gnu/share/../include/  conftest.c
conftest.c:23:10: fatal error: ac_nonexistent.h: No such file or directory
 #include <ac_nonexistent.h>
          ^~~~~~~~~~~~~~~~~~
compilation terminated.
configure:13388: $? = 1
configure: failed program was:
| /* confdefs.h */
| #define PACKAGE_NAME "libsecp256k1"
| #define PACKAGE_TARNAME "libsecp256k1"
| #define PACKAGE_VERSION "0.1"
| #define PACKAGE_STRING "libsecp256k1 0.1"
| #define PACKAGE_BUGREPORT ""
| #define PACKAGE_URL ""
| #define PACKAGE "libsecp256k1"
| #define VERSION "0.1"
| #define STDC_HEADERS 1
| #define HAVE_SYS_TYPES_H 1
| #define HAVE_SYS_STAT_H 1
| #define HAVE_STDLIB_H 1
| #define HAVE_STRING_H 1
| #define HAVE_MEMORY_H 1
| #define HAVE_STRINGS_H 1
| #define HAVE_INTTYPES_H 1
| #define HAVE_STDINT_H 1
| #define HAVE_UNISTD_H 1
| #define HAVE_DLFCN_H 1
| #define LT_OBJDIR ".libs/"
| /* end confdefs.h.  */
| #include <ac_nonexistent.h>
configure:13428: checking for aarch64-linux-gnu-gcc option to accept ISO C89
configure:13504: result: none needed
configure:13531: checking dependency style of aarch64-linux-gnu-gcc
configure:13640: result: gcc3
configure:13767: checking if aarch64-linux-gnu-gcc supports -std=c89 -pedantic -Wall -Wextra -Wcast-align -Wnested-externs -Wshadow -Wstrict-prototypes -Wundef -Wno-unused-function -Wno-long-long -Wno-overlength-strings
configure:13773: aarch64-linux-gnu-gcc -c -std=c89 -pedantic -Wall -Wextra -Wcast-align -Wnested-externs -Wshadow -Wstrict-prototypes -Wundef -Wno-unused-function -Wno-long-long -Wno-overlength-strings -W -pipe -O2  -I/home/ARM/xbitcoin/depends/aarch64-linux-gnu/share/../include/  conftest.c >&5
configure:13773: $? = 0
configure:13774: result: yes
configure:13786: checking if aarch64-linux-gnu-gcc supports -fvisibility=hidden
configure:13792: aarch64-linux-gnu-gcc -c -fvisibility=hidden -std=c89 -pedantic -Wall -Wextra -Wcast-align -Wnested-externs -Wshadow -Wstrict-prototypes -Wundef -Wno-unused-function -Wno-long-long -Wno-overlength-strings -W -pipe -O2  -I/home/ARM/xbitcoin/depends/aarch64-linux-gnu/share/../include/  conftest.c >&5
configure:13792: $? = 0
configure:13793: result: yes
configure:13956: checking valgrind/memcheck.h usability
configure:13956: aarch64-linux-gnu-gcc -c -fvisibility=hidden -std=c89 -pedantic -Wall -Wextra -Wcast-align -Wnested-externs -Wshadow -Wstrict-prototypes -Wundef -Wno-unused-function -Wno-long-long -Wno-overlength-strings -W -pipe -O2  -I/home/ARM/xbitcoin/depends/aarch64-linux-gnu/share/../include/  conftest.c >&5
conftest.c:56:10: fatal error: valgrind/memcheck.h: No such file or directory
 #include <valgrind/memcheck.h>
          ^~~~~~~~~~~~~~~~~~~~~
compilation terminated.
configure:13956: $? = 1
configure: failed program was:
| /* confdefs.h */
| #define PACKAGE_NAME "libsecp256k1"
| #define PACKAGE_TARNAME "libsecp256k1"
| #define PACKAGE_VERSION "0.1"
| #define PACKAGE_STRING "libsecp256k1 0.1"
| #define PACKAGE_BUGREPORT ""
| #define PACKAGE_URL ""
| #define PACKAGE "libsecp256k1"
| #define VERSION "0.1"
| #define STDC_HEADERS 1
| #define HAVE_SYS_TYPES_H 1
| #define HAVE_SYS_STAT_H 1
| #define HAVE_STDLIB_H 1
| #define HAVE_STRING_H 1
| #define HAVE_MEMORY_H 1
| #define HAVE_STRINGS_H 1
| #define HAVE_INTTYPES_H 1
| #define HAVE_STDINT_H 1
| #define HAVE_UNISTD_H 1
| #define HAVE_DLFCN_H 1
| #define LT_OBJDIR ".libs/"
| /* end confdefs.h.  */
| #include <stdio.h>
| #ifdef HAVE_SYS_TYPES_H
| # include <sys/types.h>
| #endif
| #ifdef HAVE_SYS_STAT_H
| # include <sys/stat.h>
| #endif
| #ifdef STDC_HEADERS
| # include <stdlib.h>
| # include <stddef.h>
| #else
| # ifdef HAVE_STDLIB_H
| #  include <stdlib.h>
| # endif
| #endif
| #ifdef HAVE_STRING_H
| # if !defined STDC_HEADERS && defined HAVE_MEMORY_H
| #  include <memory.h>
| # endif
| # include <string.h>
| #endif
| #ifdef HAVE_STRINGS_H
| # include <strings.h>
| #endif
| #ifdef HAVE_INTTYPES_H
| # include <inttypes.h>
| #endif
| #ifdef HAVE_STDINT_H
| # include <stdint.h>
| #endif
| #ifdef HAVE_UNISTD_H
| # include <unistd.h>
| #endif
| #include <valgrind/memcheck.h>
configure:13956: result: no
configure:13956: checking valgrind/memcheck.h presence
configure:13956: aarch64-linux-gnu-gcc -E -I/home/ARM/xbitcoin/depends/aarch64-linux-gnu/share/../include/  conftest.c
conftest.c:23:10: fatal error: valgrind/memcheck.h: No such file or directory
 #include <valgrind/memcheck.h>
          ^~~~~~~~~~~~~~~~~~~~~
compilation terminated.
configure:13956: $? = 1
configure: failed program was:
| /* confdefs.h */
| #define PACKAGE_NAME "libsecp256k1"
| #define PACKAGE_TARNAME "libsecp256k1"
| #define PACKAGE_VERSION "0.1"
| #define PACKAGE_STRING "libsecp256k1 0.1"
| #define PACKAGE_BUGREPORT ""
| #define PACKAGE_URL ""
| #define PACKAGE "libsecp256k1"
| #define VERSION "0.1"
| #define STDC_HEADERS 1
| #define HAVE_SYS_TYPES_H 1
| #define HAVE_SYS_STAT_H 1
| #define HAVE_STDLIB_H 1
| #define HAVE_STRING_H 1
| #define HAVE_MEMORY_H 1
| #define HAVE_STRINGS_H 1
| #define HAVE_INTTYPES_H 1
| #define HAVE_STDINT_H 1
| #define HAVE_UNISTD_H 1
| #define HAVE_DLFCN_H 1
| #define LT_OBJDIR ".libs/"
| /* end confdefs.h.  */
| #include <valgrind/memcheck.h>
configure:13956: result: no
configure:13956: checking for valgrind/memcheck.h
configure:13956: result: no
configure:14005: checking if native gcc supports -Wall -Wextra -Wno-unused-function
configure:14011: gcc -c -Wall -Wextra -Wno-unused-function -g -O2  conftest.c >&5
configure:14011: $? = 0
configure:14012: result: yes
configure:14022: checking for working native compiler: gcc
configure:14038: gcc -o conftest -Wall -Wextra -Wno-unused-function -g -O2   conftest.c  >&5
configure:14038: $? = 0
configure:14038: ./conftest
configure:14038: $? = 0
configure:14069: result: yes
configure:14079: checking for x86_64 assembly availability
configure:14096: aarch64-linux-gnu-gcc -c -O2 -fvisibility=hidden -std=c89 -pedantic -Wall -Wextra -Wcast-align -Wnested-externs -Wshadow -Wstrict-prototypes -Wundef -Wno-unused-function -Wno-long-long -Wno-overlength-strings -W -pipe -O2  -I/home/ARM/xbitcoin/depends/aarch64-linux-gnu/share/../include/  conftest.c >&5
conftest.c:26:1: warning: function declaration isn't a prototype [-Wstrict-prototypes]
 main ()
 ^~~~
conftest.c: In function 'main':
conftest.c:30:3: warning: 'tmp' is used uninitialized in this function [-Wuninitialized]
   __asm__ __volatile__("movq $0x100000000,%1; mulq %%rsi" : "+a"(a) : "S"(tmp) : "cc", "%rdx");
   ^~~~~~~
conftest.c:30:3: error: unknown register name '%rdx' in 'asm'
conftest.c:30:3: warning: asm operand 1 probably doesn't match constraints
configure:14096: $? = 1
configure: failed program was:
| /* confdefs.h */
| #define PACKAGE_NAME "libsecp256k1"
| #define PACKAGE_TARNAME "libsecp256k1"
| #define PACKAGE_VERSION "0.1"
| #define PACKAGE_STRING "libsecp256k1 0.1"
| #define PACKAGE_BUGREPORT ""
| #define PACKAGE_URL ""
| #define PACKAGE "libsecp256k1"
| #define VERSION "0.1"
| #define STDC_HEADERS 1
| #define HAVE_SYS_TYPES_H 1
| #define HAVE_SYS_STAT_H 1
| #define HAVE_STDLIB_H 1
| #define HAVE_STRING_H 1
| #define HAVE_MEMORY_H 1
| #define HAVE_STRINGS_H 1
| #define HAVE_INTTYPES_H 1
| #define HAVE_STDINT_H 1
| #define HAVE_UNISTD_H 1
| #define HAVE_DLFCN_H 1
| #define LT_OBJDIR ".libs/"
| /* end confdefs.h.  */
| 
|   #include <stdint.h>
| int
| main ()
| {
| 
|   uint64_t a = 11, tmp;
|   __asm__ __volatile__("movq $0x100000000,%1; mulq %%rsi" : "+a"(a) : "S"(tmp) : "cc", "%rdx");
| 
|   ;
|   return 0;
| }
configure:14102: result: no
configure:14717: ******
configure:14719: WARNING: experimental build
configure:14721: Experimental features do not have stable APIs or properties, and may not be safe for production use.
configure:14723: Building extrakeys module: yes
configure:14725: Building schnorrsig module: yes
configure:14727: ******
configure:14951: checking that generated files are newer than configure
configure:14957: result: done
configure:15036: creating ./config.status

## ---------------------- ##
## Running config.status. ##
## ---------------------- ##

This file was extended by libsecp256k1 config.status 0.1, which was
generated by GNU Autoconf 2.69.  Invocation command line was

  CONFIG_FILES    = 
  CONFIG_HEADERS  = 
  CONFIG_LINKS    = 
  CONFIG_COMMANDS = 
  $ ./config.status 

on xbitDev

config.status:1143: creating Makefile
config.status:1143: creating libsecp256k1.pc
config.status:1143: creating src/libsecp256k1-config.h
config.status:1324: src/libsecp256k1-config.h is unchanged
config.status:1372: executing depfiles commands
config.status:1372: executing libtool commands

## ---------------- ##
## Cache variables. ##
## ---------------- ##

ac_cv_build=x86_64-pc-linux-gnu
ac_cv_build_prog_CPP='gcc -E'
ac_cv_build_prog_cc_g=yes
ac_cv_c_compiler_gnu=yes
ac_cv_env_CCASFLAGS_set=
ac_cv_env_CCASFLAGS_value=
ac_cv_env_CCAS_set=
ac_cv_env_CCAS_value=
ac_cv_env_CC_set=
ac_cv_env_CC_value=
ac_cv_env_CFLAGS_set=
ac_cv_env_CFLAGS_value=
ac_cv_env_CPPFLAGS_set=
ac_cv_env_CPPFLAGS_value=
ac_cv_env_CPP_set=
ac_cv_env_CPP_value=
ac_cv_env_CRYPTO_CFLAGS_set=
ac_cv_env_CRYPTO_CFLAGS_value=
ac_cv_env_CRYPTO_LIBS_set=
ac_cv_env_CRYPTO_LIBS_value=
ac_cv_env_LDFLAGS_set=
ac_cv_env_LDFLAGS_value=
ac_cv_env_LIBS_set=
ac_cv_env_LIBS_value=
ac_cv_env_LT_SYS_LIBRARY_PATH_set=
ac_cv_env_LT_SYS_LIBRARY_PATH_value=
ac_cv_env_PKG_CONFIG_LIBDIR_set=
ac_cv_env_PKG_CONFIG_LIBDIR_value=
ac_cv_env_PKG_CONFIG_PATH_set=
ac_cv_env_PKG_CONFIG_PATH_value=
ac_cv_env_PKG_CONFIG_set=
ac_cv_env_PKG_CONFIG_value=
ac_cv_env_build_alias_set=
ac_cv_env_build_alias_value=
ac_cv_env_host_alias_set=
ac_cv_env_host_alias_value=
ac_cv_env_target_alias_set=
ac_cv_env_target_alias_value=
ac_cv_header_dlfcn_h=yes
ac_cv_header_inttypes_h=yes
ac_cv_header_memory_h=yes
ac_cv_header_stdc=yes
ac_cv_header_stdint_h=yes
ac_cv_header_stdlib_h=yes
ac_cv_header_string_h=yes
ac_cv_header_strings_h=yes
ac_cv_header_sys_stat_h=yes
ac_cv_header_sys_types_h=yes
ac_cv_header_unistd_h=yes
ac_cv_header_valgrind_memcheck_h=no
ac_cv_host=aarch64-unknown-linux-gnu
ac_cv_objext=o
ac_cv_path_AR=/usr/bin/aarch64-linux-gnu-ar
ac_cv_path_EGREP='/bin/grep -E'
ac_cv_path_FGREP='/bin/grep -F'
ac_cv_path_GREP=/bin/grep
ac_cv_path_PKG_CONFIG='/usr/bin/pkg-config --static'
ac_cv_path_RANLIB=/usr/bin/aarch64-linux-gnu-ranlib
ac_cv_path_SED=/bin/sed
ac_cv_path_STRIP=/usr/bin/aarch64-linux-gnu-strip
ac_cv_path_ac_pt_AR=aarch64-linux-gnu-ar
ac_cv_path_ac_pt_NM=aarch64-linux-gnu-nm
ac_cv_path_ac_pt_RANLIB=aarch64-linux-gnu-ranlib
ac_cv_path_install='/usr/bin/install -c'
ac_cv_path_lt_DD=/bin/dd
ac_cv_path_mkdir=/bin/mkdir
ac_cv_prog_AR=aarch64-linux-gnu-ar
ac_cv_prog_AWK=mawk
ac_cv_prog_CC=aarch64-linux-gnu-gcc
ac_cv_prog_CPP='aarch64-linux-gnu-gcc -E'
ac_cv_prog_OBJDUMP=aarch64-linux-gnu-objdump
ac_cv_prog_RANLIB=aarch64-linux-gnu-ranlib
ac_cv_prog_STRIP=aarch64-linux-gnu-strip
ac_cv_prog_ac_ct_CC_FOR_BUILD=gcc
ac_cv_prog_ac_ct_MANIFEST_TOOL=mt
ac_cv_prog_cc_c89=
ac_cv_prog_cc_g=yes
ac_cv_prog_make_make_set=yes
am_cv_CCAS_dependencies_compiler_type=gcc3
am_cv_CC_dependencies_compiler_type=gcc3
am_cv_make_support_nested_variables=yes
am_cv_prog_cc_c_o=yes
lt_cv_ar_at_file=@
lt_cv_deplibs_check_method=pass_all
lt_cv_file_magic_cmd='$MAGIC_CMD'
lt_cv_file_magic_test_file=
lt_cv_ld_reload_flag=-r
lt_cv_nm_interface='BSD nm'
lt_cv_objdir=.libs
lt_cv_path_LD=/usr/aarch64-linux-gnu/bin/ld
lt_cv_path_NM=aarch64-linux-gnu-nm
lt_cv_path_mainfest_tool=no
lt_cv_prog_compiler_c_o=yes
lt_cv_prog_compiler_pic='-fPIC -DPIC'
lt_cv_prog_compiler_pic_works=yes
lt_cv_prog_compiler_rtti_exceptions=no
lt_cv_prog_compiler_static_works=yes
lt_cv_prog_gnu_ld=yes
lt_cv_sharedlib_from_linklib_cmd='printf %s\n'
lt_cv_shlibpath_overrides_runpath=yes
lt_cv_sys_global_symbol_pipe='sed -n -e '\''s/^.*[	 ]\([ABCDGIRSTW][ABCDGIRSTW]*\)[	 ][	 ]*\([_A-Za-z][_A-Za-z0-9]*\)$/\1 \2 \2/p'\'' | sed '\''/ __gnu_lto/d'\'''
lt_cv_sys_global_symbol_to_c_name_address='sed -n -e '\''s/^: \(.*\) .*$/  {"\1", (void *) 0},/p'\'' -e '\''s/^[ABCDGIRSTW][ABCDGIRSTW]* .* \(.*\)$/  {"\1", (void *) \&\1},/p'\'''
lt_cv_sys_global_symbol_to_c_name_address_lib_prefix='sed -n -e '\''s/^: \(.*\) .*$/  {"\1", (void *) 0},/p'\'' -e '\''s/^[ABCDGIRSTW][ABCDGIRSTW]* .* \(lib.*\)$/  {"\1", (void *) \&\1},/p'\'' -e '\''s/^[ABCDGIRSTW][ABCDGIRSTW]* .* \(.*\)$/  {"lib\1", (void *) \&\1},/p'\'''
lt_cv_sys_global_symbol_to_cdecl='sed -n -e '\''s/^T .* \(.*\)$/extern int \1();/p'\'' -e '\''s/^[ABCDGIRSTW][ABCDGIRSTW]* .* \(.*\)$/extern char \1;/p'\'''
lt_cv_sys_global_symbol_to_import=
lt_cv_sys_max_cmd_len=1572864
lt_cv_to_host_file_cmd=func_convert_file_noop
lt_cv_to_tool_file_cmd=func_convert_file_noop
lt_cv_truncate_bin='/bin/dd bs=4096 count=1'

## ----------------- ##
## Output variables. ##
## ----------------- ##

ACLOCAL='${SHELL} /home/ARM/xbitcoin/src/secp256k1/build-aux/missing aclocal-1.15'
AMDEPBACKSLASH='\'
AMDEP_FALSE='#'
AMDEP_TRUE=''
AMTAR='$${TAR-tar}'
AM_BACKSLASH='\'
AM_DEFAULT_V='$(AM_DEFAULT_VERBOSITY)'
AM_DEFAULT_VERBOSITY='0'
AM_V='$(V)'
AR='/usr/bin/aarch64-linux-gnu-ar'
AUTOCONF='${SHELL} /home/ARM/xbitcoin/src/secp256k1/build-aux/missing autoconf'
AUTOHEADER='${SHELL} /home/ARM/xbitcoin/src/secp256k1/build-aux/missing autoheader'
AUTOMAKE='${SHELL} /home/ARM/xbitcoin/src/secp256k1/build-aux/missing automake-1.15'
AWK='mawk'
BREW=''
BUILD_EXEEXT=''
BUILD_OBJEXT=''
CC='aarch64-linux-gnu-gcc'
CCAS='aarch64-linux-gnu-gcc'
CCASDEPMODE='depmode=gcc3'
CCASFLAGS='-pipe -O2 '
CCDEPMODE='depmode=gcc3'
CC_FOR_BUILD='gcc'
CFLAGS='-O2 -fvisibility=hidden -std=c89 -pedantic -Wall -Wextra -Wcast-align -Wnested-externs -Wshadow -Wstrict-prototypes -Wundef -Wno-unused-function -Wno-long-long -Wno-overlength-strings -W -pipe -O2 '
CFLAGS_FOR_BUILD='-Wall -Wextra -Wno-unused-function -g -O2'
CPP='aarch64-linux-gnu-gcc -E'
CPPFLAGS='-I/home/ARM/xbitcoin/depends/aarch64-linux-gnu/share/../include/ '
CPPFLAGS_FOR_BUILD=''
CPP_FOR_BUILD='gcc -E'
CRYPTO_CFLAGS=''
CRYPTO_LIBS=''
CYGPATH_W='echo'
DEFS='-DHAVE_CONFIG_H'
DEPDIR='.deps'
DLLTOOL='false'
DSYMUTIL=''
DUMPBIN=''
ECHO_C=''
ECHO_N='-n'
ECHO_T=''
EGREP='/bin/grep -E'
ENABLE_COVERAGE_FALSE=''
ENABLE_COVERAGE_TRUE='#'
ENABLE_MODULE_ECDH_FALSE=''
ENABLE_MODULE_ECDH_TRUE='#'
ENABLE_MODULE_EXTRAKEYS_FALSE='#'
ENABLE_MODULE_EXTRAKEYS_TRUE=''
ENABLE_MODULE_RECOVERY_FALSE='#'
ENABLE_MODULE_RECOVERY_TRUE=''
ENABLE_MODULE_SCHNORRSIG_FALSE='#'
ENABLE_MODULE_SCHNORRSIG_TRUE=''
EXEEXT=''
FGREP='/bin/grep -F'
GREP='/bin/grep'
INSTALL_DATA='${INSTALL} -m 644'
INSTALL_PROGRAM='${INSTALL}'
INSTALL_SCRIPT='${INSTALL}'
INSTALL_STRIP_PROGRAM='$(install_sh) -c -s'
LD='/usr/aarch64-linux-gnu/bin/ld'
LDFLAGS='-L/home/ARM/xbitcoin/depends/aarch64-linux-gnu/share/../lib '
LDFLAGS_FOR_BUILD=''
LIBOBJS=''
LIBS=''
LIBTOOL='$(SHELL) $(top_builddir)/libtool'
LIPO=''
LN_S='ln -s'
LTLIBOBJS=''
LT_SYS_LIBRARY_PATH=''
MAKEINFO='${SHELL} /home/ARM/xbitcoin/src/secp256k1/build-aux/missing makeinfo'
MANIFEST_TOOL=':'
MKDIR_P='/bin/mkdir -p'
NM='aarch64-linux-gnu-nm'
NMEDIT=''
OBJDUMP='aarch64-linux-gnu-objdump'
OBJEXT='o'
OTOOL64=''
OTOOL=''
PACKAGE='libsecp256k1'
PACKAGE_BUGREPORT=''
PACKAGE_NAME='libsecp256k1'
PACKAGE_STRING='libsecp256k1 0.1'
PACKAGE_TARNAME='libsecp256k1'
PACKAGE_URL=''
PACKAGE_VERSION='0.1'
PATH_SEPARATOR=':'
PKG_CONFIG='/usr/bin/pkg-config --static'
PKG_CONFIG_LIBDIR='/home/ARM/xbitcoin/depends/aarch64-linux-gnu/share/../lib/pkgconfig'
PKG_CONFIG_PATH='/home/ARM/xbitcoin/depends/aarch64-linux-gnu/share/../share/pkgconfig:/home/ARM/xbitcoin/depends/aarch64-linux-gnu/share/../lib/pkgconfig'
PORT=''
RANLIB='/usr/bin/aarch64-linux-gnu-ranlib'
SECP_INCLUDES=''
SECP_LIBS=''
SECP_TEST_INCLUDES=''
SECP_TEST_LIBS=''
SED='/bin/sed'
SET_MAKE=''
SHELL='/bin/bash'
STRIP='/usr/bin/aarch64-linux-gnu-strip'
USE_ASM_ARM_FALSE=''
USE_ASM_ARM_TRUE='#'
USE_BENCHMARK_FALSE=''
USE_BENCHMARK_TRUE='#'
USE_ECMULT_STATIC_PRECOMPUTATION_FALSE='#'
USE_ECMULT_STATIC_PRECOMPUTATION_TRUE=''
USE_EXHAUSTIVE_TESTS_FALSE='#'
USE_EXHAUSTIVE_TESTS_TRUE=''
USE_EXTERNAL_ASM_FALSE=''
USE_EXTERNAL_ASM_TRUE='#'
USE_TESTS_FALSE=''
USE_TESTS_TRUE='#'
VALGRIND_ENABLED_FALSE=''
VALGRIND_ENABLED_TRUE='#'
VERSION='0.1'
ac_ct_AR=''
ac_ct_CC=''
ac_ct_CC_FOR_BUILD='gcc'
ac_ct_DUMPBIN=''
am__EXEEXT_FALSE=''
am__EXEEXT_TRUE='#'
am__fastdepCCAS_FALSE='#'
am__fastdepCCAS_TRUE=''
am__fastdepCC_FALSE='#'
am__fastdepCC_TRUE=''
am__include='include'
am__isrc=''
am__leading_dot='.'
am__nodep='_no'
am__quote=''
am__tar='$${TAR-tar} chof - "$$tardir"'
am__untar='$${TAR-tar} xf -'
bindir='${exec_prefix}/bin'
build='x86_64-pc-linux-gnu'
build_alias=''
build_cpu='x86_64'
build_os='linux-gnu'
build_vendor='pc'
datadir='${datarootdir}'
datarootdir='${prefix}/share'
docdir='${datarootdir}/doc/${PACKAGE_TARNAME}'
dvidir='${docdir}'
exec_prefix='${prefix}'
host='aarch64-unknown-linux-gnu'
host_alias='aarch64-linux-gnu'
host_cpu='aarch64'
host_os='linux-gnu'
host_vendor='unknown'
htmldir='${docdir}'
includedir='${prefix}/include'
infodir='${datarootdir}/info'
install_sh='${SHELL} /home/ARM/xbitcoin/src/secp256k1/build-aux/install-sh'
libdir='${exec_prefix}/lib'
libexecdir='${exec_prefix}/libexec'
localedir='${datarootdir}/locale'
localstatedir='${prefix}/var'
mandir='${datarootdir}/man'
mkdir_p='$(MKDIR_P)'
oldincludedir='/usr/include'
pdfdir='${docdir}'
prefix='/'
program_transform_name='s,x,x,'
psdir='${docdir}'
runstatedir='${localstatedir}/run'
sbindir='${exec_prefix}/sbin'
sharedstatedir='${prefix}/com'
sysconfdir='${prefix}/etc'
target_alias=''

## ----------- ##
## confdefs.h. ##
## ----------- ##

/* confdefs.h */
#define PACKAGE_NAME "libsecp256k1"
#define PACKAGE_TARNAME "libsecp256k1"
#define PACKAGE_VERSION "0.1"
#define PACKAGE_STRING "libsecp256k1 0.1"
#define PACKAGE_BUGREPORT ""
#define PACKAGE_URL ""
#define PACKAGE "libsecp256k1"
#define VERSION "0.1"
#define STDC_HEADERS 1
#define HAVE_SYS_TYPES_H 1
#define HAVE_SYS_STAT_H 1
#define HAVE_STDLIB_H 1
#define HAVE_STRING_H 1
#define HAVE_MEMORY_H 1
#define HAVE_STRINGS_H 1
#define HAVE_INTTYPES_H 1
#define HAVE_STDINT_H 1
#define HAVE_UNISTD_H 1
#define HAVE_DLFCN_H 1
#define LT_OBJDIR ".libs/"
#define USE_NUM_NONE 1
#define USE_FIELD_INV_BUILTIN 1
#define USE_SCALAR_INV_BUILTIN 1
#define ECMULT_WINDOW_SIZE 15
#define ECMULT_GEN_PREC_BITS 4
#define USE_ECMULT_STATIC_PRECOMPUTATION 1
#define ENABLE_MODULE_RECOVERY 1
#define ENABLE_MODULE_SCHNORRSIG 1
#define ENABLE_MODULE_EXTRAKEYS 1

configure: exit 0
